[debug] [2021-03-21T16:07:12.009Z] ----------------------------------------------------------------------
[debug] [2021-03-21T16:07:12.012Z] Command:       C:\Program Files (x86)\nodejs\node.exe C:\Users\TARUN MITRA\AppData\Roaming\npm\node_modules\firebase-tools\lib\bin\firebase.js init
[debug] [2021-03-21T16:07:12.012Z] CLI Version:   9.6.1
[debug] [2021-03-21T16:07:12.012Z] Platform:      win32
[debug] [2021-03-21T16:07:12.013Z] Node Version:  v14.15.3
[debug] [2021-03-21T16:07:12.013Z] Time:          Sun Mar 21 2021 22:07:12 GMT+0600 (Bangladesh Standard Time)
[debug] [2021-03-21T16:07:12.013Z] ----------------------------------------------------------------------
[debug] [2021-03-21T16:07:12.014Z] 
[debug] [2021-03-21T16:07:12.020Z] > command requires scopes: ["email","openid","https://www.googleapis.com/auth/cloudplatformprojects.readonly","https://www.googleapis.com/auth/firebase","https://www.googleapis.com/auth/cloud-platform"]
[debug] [2021-03-21T16:07:12.021Z] > authorizing via signed-in user
[info] 
     ######## #### ########  ######## ########     ###     ######  ########
     ##        ##  ##     ## ##       ##     ##  ##   ##  ##       ##
     ######    ##  ########  ######   ########  #########  ######  ######
     ##        ##  ##    ##  ##       ##     ## ##     ##       ## ##
     ##       #### ##     ## ######## ########  ##     ##  ######  ########

You're about to initialize a Firebase project in this directory:

  E:\Extra\Asssssssssss\transport-service

Before we get started, keep in mind:

  * You are initializing in an existing Firebase project directory

[info] 
=== Project Setup
[info] 
[info] First, let's associate this project directory with a Firebase project.
[info] You can create multiple project aliases by running firebase use --add, 
[info] but for now we'll just set up a default project.
[info] 
[info] i  .firebaserc already has a default project, using bhyuiyan-s-gokid. 
[debug] [2021-03-21T16:07:21.746Z] >>> [apiv2][query] GET https://firebase.googleapis.com/v1beta1/projects/bhyuiyan-s-gokid [none]
[debug] [2021-03-21T16:07:22.508Z] <<< [apiv2][status] GET https://firebase.googleapis.com/v1beta1/projects/bhyuiyan-s-gokid 403
[debug] [2021-03-21T16:07:22.508Z] <<< [apiv2][body] GET https://firebase.googleapis.com/v1beta1/projects/bhyuiyan-s-gokid {"error":{"code":403,"message":"The caller does not have permission","status":"PERMISSION_DENIED"}}
[debug] [2021-03-21T16:07:22.509Z] HTTP Error: 403, The caller does not have permission
[debug] [2021-03-21T16:07:23.250Z] FirebaseError: HTTP Error: 403, The caller does not have permission
    at module.exports (C:\Users\TARUN MITRA\AppData\Roaming\npm\node_modules\firebase-tools\lib\responseToError.js:38:12)
    at Client.doRequest (C:\Users\TARUN MITRA\AppData\Roaming\npm\node_modules\firebase-tools\lib\apiv2.js:238:23)
    at processTicksAndRejections (internal/process/task_queues.js:93:5)
    at async Client.request (C:\Users\TARUN MITRA\AppData\Roaming\npm\node_modules\firebase-tools\lib\apiv2.js:96:20)
    at async Object.getFirebaseProject (C:\Users\TARUN MITRA\AppData\Roaming\npm\node_modules\firebase-tools\lib\management\projects.js:289:21)
    at async Object.doSetup [as project] (C:\Users\TARUN MITRA\AppData\Roaming\npm\node_modules\firebase-tools\lib\init\features\project.js:77:27)
    at async init (C:\Users\TARUN MITRA\AppData\Roaming\npm\node_modules\firebase-tools\lib\init\index.js:19:9)
[error] 
[error] Error: Failed to get Firebase project bhyuiyan-s-gokid. Please make sure the project exists and your account has permission to access it.
